<?xml version="1.0" encoding="UTF-8"?>
<testsuite xmlns:xsi="http://www.w3.org/2001/XMLSchema-instance" xsi:noNamespaceSchemaLocation="https://maven.apache.org/surefire/maven-surefire-plugin/xsd/surefire-test-report-3.0.xsd" version="3.0" name="com.coopcredit.creditapplication.infrastructure.controllers.CreditApplicationControllerIntegrationTest" time="12.176" tests="3" errors="0" skipped="0" failures="0">
  <properties>
[...]
</properties>
  <testcase name="shouldListCreditApplications" classname="com.coopcredit.creditapplication.infrastructure.controllers.CreditApplicationControllerIntegrationTest" time="0.101">
    <system-out><![CDATA[2025-12-09T17:00:33.362-05:00  INFO 146945 --- [credit-application-service] [           main] t.c.s.AnnotationConfigContextLoaderUtils : Could not detect default configuration classes for test class [com.coopcredit.creditapplication.infrastructure.controllers.CreditApplicationControllerIntegrationTest]: CreditApplicationControllerIntegrationTest does not declare any static, non-private, non-final, nested classes annotated with @Configuration.
2025-12-09T17:00:33.364-05:00  INFO 146945 --- [credit-application-service] [           main] .b.t.c.SpringBootTestContextBootstrapper : Found @SpringBootConfiguration com.coopcredit.creditapplication.CreditApplicationServiceApplication for test class com.coopcredit.creditapplication.infrastructure.controllers.CreditApplicationControllerIntegrationTest
2025-12-09T17:00:33.366-05:00  INFO 146945 --- [credit-application-service] [           main] tc.mysql:8.0                             : Creating container for image: mysql:8.0
2025-12-09T17:00:33.386-05:00  INFO 146945 --- [credit-application-service] [           main] tc.mysql:8.0                             : Container mysql:8.0 is starting: 9a490dff6e7536c4ae75e816d4c0f8c78d5ba73b2726e06fcbf1b1bef1eb7bee
2025-12-09T17:00:33.491-05:00  INFO 146945 --- [credit-application-service] [           main] tc.mysql:8.0                             : Waiting for database connection to become available at jdbc:mysql://localhost:32770/coopcredit_test using query 'SELECT 1'
2025-12-09T17:00:40.393-05:00  INFO 146945 --- [credit-application-service] [           main] tc.mysql:8.0                             : Container mysql:8.0 started in PT7.027537573S
2025-12-09T17:00:40.394-05:00  INFO 146945 --- [credit-application-service] [           main] tc.mysql:8.0                             : Container is started (JDBC URL: jdbc:mysql://localhost:32770/coopcredit_test)
2025-12-09T17:00:40.395-05:00  INFO 146945 --- [credit-application-service] [           main] o.s.b.d.r.RestartApplicationListener     : Restart disabled due to context in which it is running
  .   ____          _            __ _ _
 /\\ / ___'_ __ _ _(_)_ __  __ _ \ \ \ \
( ( )\___ | '_ | '_| | '_ \/ _` | \ \ \ \
 \\/  ___)| |_)| | | | | || (_| |  ) ) ) )
  '  |____| .__|_| |_|_| |_\__, | / / / /
 =========|_|==============|___/=/_/_/_/

 :: Spring Boot ::                (v3.3.0)

2025-12-09T17:00:40.413-05:00  INFO 146945 --- [credit-application-service] [           main] editApplicationControllerIntegrationTest : Starting CreditApplicationControllerIntegrationTest using Java 21.0.9 with PID 146945 (started by Coder in /home/Coder/Imágenes/SpringBoot-Test/coopcredit-system/credit-application-service)
2025-12-09T17:00:40.413-05:00 DEBUG 146945 --- [credit-application-service] [           main] editApplicationControllerIntegrationTest : Running with Spring Boot v3.3.0, Spring v6.1.8
2025-12-09T17:00:40.414-05:00  INFO 146945 --- [credit-application-service] [           main] editApplicationControllerIntegrationTest : No active profile set, falling back to 1 default profile: "default"
2025-12-09T17:00:40.618-05:00  INFO 146945 --- [credit-application-service] [           main] .s.d.r.c.RepositoryConfigurationDelegate : Bootstrapping Spring Data JPA repositories in DEFAULT mode.
2025-12-09T17:00:40.625-05:00  INFO 146945 --- [credit-application-service] [           main] .s.d.r.c.RepositoryConfigurationDelegate : Finished Spring Data repository scanning in 7 ms. Found 4 JPA repository interfaces.
2025-12-09T17:00:40.732-05:00  INFO 146945 --- [credit-application-service] [           main] o.hibernate.jpa.internal.util.LogHelper  : HHH000204: Processing PersistenceUnitInfo [name: default]
2025-12-09T17:00:40.733-05:00  INFO 146945 --- [credit-application-service] [           main] o.h.c.internal.RegionFactoryInitiator    : HHH000026: Second-level cache disabled
2025-12-09T17:00:40.737-05:00  INFO 146945 --- [credit-application-service] [           main] o.s.o.j.p.SpringPersistenceUnitInfo      : No LoadTimeWeaver setup: ignoring JPA class transformer
2025-12-09T17:00:40.738-05:00  INFO 146945 --- [credit-application-service] [           main] com.zaxxer.hikari.HikariDataSource       : HikariPool-2 - Starting...
2025-12-09T17:00:40.748-05:00  INFO 146945 --- [credit-application-service] [           main] com.zaxxer.hikari.pool.HikariPool        : HikariPool-2 - Added connection com.mysql.cj.jdbc.ConnectionImpl@23b045e
2025-12-09T17:00:40.748-05:00  INFO 146945 --- [credit-application-service] [           main] com.zaxxer.hikari.HikariDataSource       : HikariPool-2 - Start completed.
2025-12-09T17:00:40.749-05:00  WARN 146945 --- [credit-application-service] [           main] org.hibernate.orm.deprecation            : HHH90000025: MySQLDialect does not need to be specified explicitly using 'hibernate.dialect' (remove the property setting and it will be selected by default)
2025-12-09T17:00:40.819-05:00  INFO 146945 --- [credit-application-service] [           main] o.h.e.t.j.p.i.JtaPlatformInitiator       : HHH000489: No JTA platform available (set 'hibernate.transaction.jta.platform' to enable JTA platform integration)
Hibernate: 
    drop table if exists credit_applications
Hibernate: 
    drop table if exists members
Hibernate: 
    drop table if exists risk_evaluations
Hibernate: 
    drop table if exists users
Hibernate: 
    create table credit_applications (
        application_date date not null,
        proposed_rate decimal(5,4) not null,
        requested_amount decimal(15,2) not null,
        term_months integer not null,
        created_at datetime(6),
        id bigint not null auto_increment,
        member_id bigint not null,
        updated_at datetime(6),
        status enum ('APPROVED','PENDING','REJECTED') not null,
        primary key (id)
    ) engine=InnoDB
Hibernate: 
    create table members (
        affiliation_date date not null,
        salary decimal(15,2) not null,
        created_at datetime(6),
        id bigint not null auto_increment,
        updated_at datetime(6),
        user_id bigint,
        document varchar(20) not null,
        name varchar(100) not null,
        status enum ('ACTIVE','INACTIVE') not null,
        primary key (id)
    ) engine=InnoDB
Hibernate: 
    create table risk_evaluations (
        meets_max_amount bit not null,
        meets_seniority bit not null,
        payment_to_income_ratio decimal(5,4) not null,
        score integer not null,
        created_at datetime(6),
        credit_application_id bigint not null,
        id bigint not null auto_increment,
        reason TEXT,
        risk_central_detail TEXT,
        final_decision enum ('APPROVED','REJECTED') not null,
        risk_level enum ('HIGH','LOW','MEDIUM') not null,
        primary key (id)
    ) engine=InnoDB
Hibernate: 
    create table users (
        enabled bit not null,
        created_at datetime(6),
        id bigint not null auto_increment,
        updated_at datetime(6),
        username varchar(50) not null,
        password varchar(255) not null,
        role enum ('ROLE_ADMIN','ROLE_ANALYST','ROLE_MEMBER') not null,
        primary key (id)
    ) engine=InnoDB
Hibernate: 
    alter table members 
       add constraint UKn1uta6g4dqk4lscgvpjrox1yx unique (document)
Hibernate: 
    alter table risk_evaluations 
       add constraint UK78anxy39qt2du2j6p89lbdv5p unique (credit_application_id)
Hibernate: 
    alter table users 
       add constraint UKr43af9ap4edm43mmtq01oddj6 unique (username)
2025-12-09T17:00:40.899-05:00  INFO 146945 --- [credit-application-service] [           main] j.LocalContainerEntityManagerFactoryBean : Initialized JPA EntityManagerFactory for persistence unit 'default'
2025-12-09T17:00:41.348-05:00  WARN 146945 --- [credit-application-service] [           main] JpaBaseConfiguration$JpaWebConfiguration : spring.jpa.open-in-view is enabled by default. Therefore, database queries may be performed during view rendering. Explicitly configure spring.jpa.open-in-view to disable this warning
2025-12-09T17:00:41.367-05:00  WARN 146945 --- [credit-application-service] [           main] .s.s.UserDetailsServiceAutoConfiguration : 

Using generated security password: 1cf1a249-b94d-4746-97fb-c2e69ae464af

This generated password is for development use only. Your security configuration must be updated before running your application in production.

2025-12-09T17:00:41.369-05:00  INFO 146945 --- [credit-application-service] [           main] r$InitializeUserDetailsManagerConfigurer : Global AuthenticationManager configured with UserDetailsService bean with name inMemoryUserDetailsManager
2025-12-09T17:00:41.486-05:00  INFO 146945 --- [credit-application-service] [           main] o.s.b.a.e.web.EndpointLinksResolver      : Exposing 3 endpoints beneath base path '/actuator'
2025-12-09T17:00:41.511-05:00  INFO 146945 --- [credit-application-service] [           main] o.s.s.web.DefaultSecurityFilterChain     : Will secure any request with [org.springframework.security.web.session.DisableEncodeUrlFilter@6411f8e2, org.springframework.security.web.context.request.async.WebAsyncManagerIntegrationFilter@1f03c0e8, org.springframework.security.web.context.SecurityContextHolderFilter@19476596, org.springframework.security.web.header.HeaderWriterFilter@28cb3e1e, org.springframework.web.filter.CorsFilter@1f06fb09, org.springframework.security.web.authentication.logout.LogoutFilter@7df22704, com.coopcredit.creditapplication.infrastructure.security.JwtAuthenticationFilter@148a3112, org.springframework.security.web.savedrequest.RequestCacheAwareFilter@1b6add17, org.springframework.security.web.servletapi.SecurityContextHolderAwareRequestFilter@10ce6070, org.springframework.security.web.authentication.AnonymousAuthenticationFilter@622bdfdc, org.springframework.security.web.session.SessionManagementFilter@6ba212b0, org.springframework.security.web.access.ExceptionTranslationFilter@29724ba7, org.springframework.security.web.access.intercept.AuthorizationFilter@516acd72]
2025-12-09T17:00:41.896-05:00 DEBUG 146945 --- [credit-application-service] [           main] c.c.c.i.s.JwtAuthenticationFilter        : Filter 'jwtAuthenticationFilter' configured for use
2025-12-09T17:00:41.896-05:00  INFO 146945 --- [credit-application-service] [           main] o.s.b.t.m.w.SpringBootMockServletContext : Initializing Spring TestDispatcherServlet ''
2025-12-09T17:00:41.896-05:00  INFO 146945 --- [credit-application-service] [           main] o.s.t.web.servlet.TestDispatcherServlet  : Initializing Servlet ''
2025-12-09T17:00:41.897-05:00  INFO 146945 --- [credit-application-service] [           main] o.s.t.web.servlet.TestDispatcherServlet  : Completed initialization in 1 ms
2025-12-09T17:00:41.915-05:00  INFO 146945 --- [credit-application-service] [           main] editApplicationControllerIntegrationTest : Started CreditApplicationControllerIntegrationTest in 1.52 seconds (process running for 29.667)
2025-12-09T17:00:41.916-05:00  INFO 146945 --- [credit-application-service] [           main] c.c.c.i.config.StartupConfig             : Starting Docker services...
2025-12-09T17:00:41.928-05:00  INFO 146945 --- [credit-application-service] [           main] c.c.c.i.config.StartupConfig             : Container coopcredit-mysql exists, starting...
2025-12-09T17:00:41.948-05:00  INFO 146945 --- [credit-application-service] [           main] c.c.c.i.config.StartupConfig             : Container coopcredit-prometheus exists, starting...
2025-12-09T17:00:41.968-05:00  INFO 146945 --- [credit-application-service] [           main] c.c.c.i.config.StartupConfig             : Container coopcredit-grafana exists, starting...
2025-12-09T17:00:41.977-05:00  INFO 146945 --- [credit-application-service] [           main] c.c.c.i.config.StartupConfig             : Waiting for MySQL to be ready...
Hibernate: 
    select
        ue1_0.id 
    from
        users ue1_0 
    where
        ue1_0.username=? 
    limit
        ?
Hibernate: 
    insert 
    into
        users
        (created_at, enabled, password, role, updated_at, username) 
    values
        (?, ?, ?, ?, ?, ?)
2025-12-09T17:00:45.047-05:00  INFO 146945 --- [credit-application-service] [           main] c.c.c.i.config.StartupConfig             : Test user created: admin/admin123

╔══════════════════════════════════════════════════════════════════════════════════════╗
║                        🚀 COOPCREDIT SYSTEM - READY                                 ║
╠══════════════════════════════════════════════════════════════════════════════════════╣
║                                                                                      ║
║  📚 SWAGGER - CREDIT SERVICE:    http://localhost:8080/swagger-ui.html               ║
║  📋 SWAGGER - RISK CENTRAL:      http://localhost:8081/swagger-ui.html               ║
║  🔧 ACTUATOR:                    http://localhost:8080/actuator                      ║
║  📊 GRAFANA:                     http://localhost:3000  (admin/admin)                ║
║  📈 PROMETHEUS:                  http://localhost:9091                               ║
║                                                                                      ║
╠══════════════════════════════════════════════════════════════════════════════════════╣
║  🔐 AUTH (No JWT required):                                                          ║
║     POST /api/auth/register  - Register new user                                     ║
║     POST /api/auth/login     - Get JWT token                                         ║
║                                                                                      ║
║  🔒 PROTECTED ENDPOINTS (Require JWT in header: Authorization: Bearer <token>)       ║
║     /api/members/**             - Member management                                  ║
║     /api/credit-applications/** - Credit applications                                ║
║                                                                                      ║
╠══════════════════════════════════════════════════════════════════════════════════════╣
║  🔑 TEST CREDENTIALS:  admin / admin123                                              ║
╚══════════════════════════════════════════════════════════════════════════════════════╝

  📋 TEST JWT TOKEN (copy this to Swagger Authorize):
  Bearer eyJhbGciOiJIUzI1NiJ9.eyJzdWIiOiJhZG1pbiIsInJvbGUiOiJST0xFX0FETUlOIiwidXNlcklkIjoxLCJpYXQiOjE3NjUzMTc2NDUsImV4cCI6MTc2NTQwNDA0NX0.ewdFYZw2a-PhbH6KfeptmI9jcoRmV8dA6pSm_VzyVMc

Hibernate: 
    insert 
    into
        users
        (created_at, enabled, password, role, updated_at, username) 
    values
        (?, ?, ?, ?, ?, ?)
Hibernate: 
    insert 
    into
        members
        (affiliation_date, created_at, document, name, salary, status, updated_at, user_id) 
    values
        (?, ?, ?, ?, ?, ?, ?, ?)
2025-12-09T17:00:45.125-05:00 DEBUG 146945 --- [credit-application-service] [           main] o.s.security.web.FilterChainProxy        : Securing GET /api/credit-applications
2025-12-09T17:00:45.137-05:00 DEBUG 146945 --- [credit-application-service] [           main] o.s.security.web.FilterChainProxy        : Secured GET /api/credit-applications
Hibernate: 
    select
        cae1_0.id,
        cae1_0.application_date,
        cae1_0.created_at,
        cae1_0.member_id,
        cae1_0.proposed_rate,
        cae1_0.requested_amount,
        cae1_0.status,
        cae1_0.term_months,
        cae1_0.updated_at 
    from
        credit_applications cae1_0
]]></system-out>
  </testcase>
  <testcase name="shouldGetCreditApplicationById" classname="com.coopcredit.creditapplication.infrastructure.controllers.CreditApplicationControllerIntegrationTest" time="0.117">
    <system-out><![CDATA[Hibernate: 
    insert 
    into
        users
        (created_at, enabled, password, role, updated_at, username) 
    values
        (?, ?, ?, ?, ?, ?)
Hibernate: 
    insert 
    into
        members
        (affiliation_date, created_at, document, name, salary, status, updated_at, user_id) 
    values
        (?, ?, ?, ?, ?, ?, ?, ?)
2025-12-09T17:00:45.225-05:00 DEBUG 146945 --- [credit-application-service] [           main] o.s.security.web.FilterChainProxy        : Securing POST /api/credit-applications
2025-12-09T17:00:45.228-05:00 DEBUG 146945 --- [credit-application-service] [           main] o.s.security.web.FilterChainProxy        : Secured POST /api/credit-applications
Hibernate: 
    select
        me1_0.id,
        me1_0.affiliation_date,
        me1_0.created_at,
        me1_0.document,
        me1_0.name,
        me1_0.salary,
        me1_0.status,
        me1_0.updated_at,
        me1_0.user_id 
    from
        members me1_0 
    where
        me1_0.id=?
Hibernate: 
    insert 
    into
        credit_applications
        (application_date, created_at, member_id, proposed_rate, requested_amount, status, term_months, updated_at) 
    values
        (?, ?, ?, ?, ?, ?, ?, ?)
2025-12-09T17:00:45.258-05:00 DEBUG 146945 --- [credit-application-service] [           main] o.s.security.web.FilterChainProxy        : Securing GET /api/credit-applications/1
2025-12-09T17:00:45.260-05:00 DEBUG 146945 --- [credit-application-service] [           main] o.s.security.web.FilterChainProxy        : Secured GET /api/credit-applications/1
Hibernate: 
    select
        cae1_0.id,
        cae1_0.application_date,
        cae1_0.created_at,
        cae1_0.member_id,
        cae1_0.proposed_rate,
        cae1_0.requested_amount,
        cae1_0.status,
        cae1_0.term_months,
        cae1_0.updated_at 
    from
        credit_applications cae1_0 
    where
        cae1_0.id=?
]]></system-out>
  </testcase>
  <testcase name="shouldCreateCreditApplication" classname="com.coopcredit.creditapplication.infrastructure.controllers.CreditApplicationControllerIntegrationTest" time="0.085">
    <system-out><![CDATA[Hibernate: 
    insert 
    into
        users
        (created_at, enabled, password, role, updated_at, username) 
    values
        (?, ?, ?, ?, ?, ?)
Hibernate: 
    insert 
    into
        members
        (affiliation_date, created_at, document, name, salary, status, updated_at, user_id) 
    values
        (?, ?, ?, ?, ?, ?, ?, ?)
2025-12-09T17:00:45.342-05:00 DEBUG 146945 --- [credit-application-service] [           main] o.s.security.web.FilterChainProxy        : Securing POST /api/credit-applications
2025-12-09T17:00:45.344-05:00 DEBUG 146945 --- [credit-application-service] [           main] o.s.security.web.FilterChainProxy        : Secured POST /api/credit-applications
Hibernate: 
    select
        me1_0.id,
        me1_0.affiliation_date,
        me1_0.created_at,
        me1_0.document,
        me1_0.name,
        me1_0.salary,
        me1_0.status,
        me1_0.updated_at,
        me1_0.user_id 
    from
        members me1_0 
    where
        me1_0.id=?
Hibernate: 
    insert 
    into
        credit_applications
        (application_date, created_at, member_id, proposed_rate, requested_amount, status, term_months, updated_at) 
    values
        (?, ?, ?, ?, ?, ?, ?, ?)
]]></system-out>
  </testcase>
</testsuite>