<?xml version="1.0" encoding="UTF-8"?>
<testsuite xmlns:xsi="http://www.w3.org/2001/XMLSchema-instance" xsi:noNamespaceSchemaLocation="https://maven.apache.org/surefire/maven-surefire-plugin/xsd/surefire-test-report-3.0.xsd" version="3.0" name="com.coopcredit.creditapplication.infrastructure.controllers.MemberControllerIntegrationTest" time="11.692" tests="3" errors="0" skipped="0" failures="0">
  <properties>
[...]
</properties>
  <testcase name="shouldCreateMember" classname="com.coopcredit.creditapplication.infrastructure.controllers.MemberControllerIntegrationTest" time="0.093">
    <system-out><![CDATA[2025-12-10T13:59:51.486-05:00  INFO 20077 --- [credit-application-service] [           main] t.c.s.AnnotationConfigContextLoaderUtils : Could not detect default configuration classes for test class [com.coopcredit.creditapplication.infrastructure.controllers.MemberControllerIntegrationTest]: MemberControllerIntegrationTest does not declare any static, non-private, non-final, nested classes annotated with @Configuration.
2025-12-10T13:59:51.488-05:00  INFO 20077 --- [credit-application-service] [           main] .b.t.c.SpringBootTestContextBootstrapper : Found @SpringBootConfiguration com.coopcredit.creditapplication.CreditApplicationServiceApplication for test class com.coopcredit.creditapplication.infrastructure.controllers.MemberControllerIntegrationTest
2025-12-10T13:59:51.489-05:00  INFO 20077 --- [credit-application-service] [           main] tc.mysql:8.0                             : Creating container for image: mysql:8.0
2025-12-10T13:59:51.505-05:00  INFO 20077 --- [credit-application-service] [           main] tc.mysql:8.0                             : Container mysql:8.0 is starting: c53fd8281f4e6db9e9bb31c668eaac1de8de1801719d5b01801a81a3071bf846
2025-12-10T13:59:51.609-05:00  INFO 20077 --- [credit-application-service] [           main] tc.mysql:8.0                             : Waiting for database connection to become available at jdbc:mysql://localhost:32775/coopcredit_test using query 'SELECT 1'
2025-12-10T13:59:58.453-05:00  INFO 20077 --- [credit-application-service] [           main] tc.mysql:8.0                             : Container mysql:8.0 started in PT6.964006279S
2025-12-10T13:59:58.453-05:00  INFO 20077 --- [credit-application-service] [           main] tc.mysql:8.0                             : Container is started (JDBC URL: jdbc:mysql://localhost:32775/coopcredit_test)
2025-12-10T13:59:58.455-05:00  INFO 20077 --- [credit-application-service] [           main] o.s.b.d.r.RestartApplicationListener     : Restart disabled due to context in which it is running
  .   ____          _            __ _ _
 /\\ / ___'_ __ _ _(_)_ __  __ _ \ \ \ \
( ( )\___ | '_ | '_| | '_ \/ _` | \ \ \ \
 \\/  ___)| |_)| | | | | || (_| |  ) ) ) )
  '  |____| .__|_| |_|_| |_\__, | / / / /
 =========|_|==============|___/=/_/_/_/

 :: Spring Boot ::                (v3.3.0)

2025-12-10T13:59:58.465-05:00  INFO 20077 --- [credit-application-service] [           main] .c.c.i.c.MemberControllerIntegrationTest : Starting MemberControllerIntegrationTest using Java 21.0.9 with PID 20077 (started by Coder in /home/Coder/Imágenes/SpringBoot-Test/coopcredit-system/credit-application-service)
2025-12-10T13:59:58.465-05:00 DEBUG 20077 --- [credit-application-service] [           main] .c.c.i.c.MemberControllerIntegrationTest : Running with Spring Boot v3.3.0, Spring v6.1.8
2025-12-10T13:59:58.465-05:00  INFO 20077 --- [credit-application-service] [           main] .c.c.i.c.MemberControllerIntegrationTest : No active profile set, falling back to 1 default profile: "default"
2025-12-10T13:59:58.611-05:00  INFO 20077 --- [credit-application-service] [           main] .s.d.r.c.RepositoryConfigurationDelegate : Bootstrapping Spring Data JPA repositories in DEFAULT mode.
2025-12-10T13:59:58.620-05:00  INFO 20077 --- [credit-application-service] [           main] .s.d.r.c.RepositoryConfigurationDelegate : Finished Spring Data repository scanning in 9 ms. Found 4 JPA repository interfaces.
2025-12-10T13:59:58.711-05:00  INFO 20077 --- [credit-application-service] [           main] o.hibernate.jpa.internal.util.LogHelper  : HHH000204: Processing PersistenceUnitInfo [name: default]
2025-12-10T13:59:58.712-05:00  INFO 20077 --- [credit-application-service] [           main] o.h.c.internal.RegionFactoryInitiator    : HHH000026: Second-level cache disabled
2025-12-10T13:59:58.717-05:00  INFO 20077 --- [credit-application-service] [           main] o.s.o.j.p.SpringPersistenceUnitInfo      : No LoadTimeWeaver setup: ignoring JPA class transformer
2025-12-10T13:59:58.717-05:00  INFO 20077 --- [credit-application-service] [           main] com.zaxxer.hikari.HikariDataSource       : HikariPool-3 - Starting...
2025-12-10T13:59:58.727-05:00  INFO 20077 --- [credit-application-service] [           main] com.zaxxer.hikari.pool.HikariPool        : HikariPool-3 - Added connection com.mysql.cj.jdbc.ConnectionImpl@1def744d
2025-12-10T13:59:58.727-05:00  INFO 20077 --- [credit-application-service] [           main] com.zaxxer.hikari.HikariDataSource       : HikariPool-3 - Start completed.
2025-12-10T13:59:58.728-05:00  WARN 20077 --- [credit-application-service] [           main] org.hibernate.orm.deprecation            : HHH90000025: MySQLDialect does not need to be specified explicitly using 'hibernate.dialect' (remove the property setting and it will be selected by default)
2025-12-10T13:59:58.783-05:00  INFO 20077 --- [credit-application-service] [           main] o.h.e.t.j.p.i.JtaPlatformInitiator       : HHH000489: No JTA platform available (set 'hibernate.transaction.jta.platform' to enable JTA platform integration)
Hibernate: 
    drop table if exists credit_applications
Hibernate: 
    drop table if exists members
Hibernate: 
    drop table if exists risk_evaluations
Hibernate: 
    drop table if exists users
Hibernate: 
    create table credit_applications (
        application_date date not null,
        proposed_rate decimal(5,4) not null,
        requested_amount decimal(15,2) not null,
        term_months integer not null,
        created_at datetime(6),
        id bigint not null auto_increment,
        member_id bigint not null,
        updated_at datetime(6),
        status enum ('APPROVED','PENDING','REJECTED') not null,
        primary key (id)
    ) engine=InnoDB
Hibernate: 
    create table members (
        affiliation_date date not null,
        salary decimal(15,2) not null,
        created_at datetime(6),
        id bigint not null auto_increment,
        updated_at datetime(6),
        user_id bigint,
        document varchar(20) not null,
        name varchar(100) not null,
        status enum ('ACTIVE','INACTIVE') not null,
        primary key (id)
    ) engine=InnoDB
Hibernate: 
    create table risk_evaluations (
        meets_max_amount bit not null,
        meets_seniority bit not null,
        payment_to_income_ratio decimal(5,4) not null,
        score integer not null,
        created_at datetime(6),
        credit_application_id bigint not null,
        id bigint not null auto_increment,
        reason TEXT,
        risk_central_detail TEXT,
        final_decision enum ('APPROVED','REJECTED') not null,
        risk_level enum ('HIGH','LOW','MEDIUM') not null,
        primary key (id)
    ) engine=InnoDB
Hibernate: 
    create table users (
        enabled bit not null,
        created_at datetime(6),
        id bigint not null auto_increment,
        updated_at datetime(6),
        username varchar(50) not null,
        password varchar(255) not null,
        role enum ('ROLE_ADMIN','ROLE_ANALYST','ROLE_MEMBER') not null,
        primary key (id)
    ) engine=InnoDB
Hibernate: 
    alter table members 
       add constraint UKn1uta6g4dqk4lscgvpjrox1yx unique (document)
Hibernate: 
    alter table risk_evaluations 
       add constraint UK78anxy39qt2du2j6p89lbdv5p unique (credit_application_id)
Hibernate: 
    alter table users 
       add constraint UKr43af9ap4edm43mmtq01oddj6 unique (username)
2025-12-10T13:59:58.859-05:00  INFO 20077 --- [credit-application-service] [           main] j.LocalContainerEntityManagerFactoryBean : Initialized JPA EntityManagerFactory for persistence unit 'default'
2025-12-10T13:59:59.124-05:00  WARN 20077 --- [credit-application-service] [           main] JpaBaseConfiguration$JpaWebConfiguration : spring.jpa.open-in-view is enabled by default. Therefore, database queries may be performed during view rendering. Explicitly configure spring.jpa.open-in-view to disable this warning
2025-12-10T13:59:59.141-05:00  WARN 20077 --- [credit-application-service] [           main] .s.s.UserDetailsServiceAutoConfiguration : 

Using generated security password: 0ae0825c-ac51-4734-aaa0-c8284839412b

This generated password is for development use only. Your security configuration must be updated before running your application in production.

2025-12-10T13:59:59.142-05:00  INFO 20077 --- [credit-application-service] [           main] r$InitializeUserDetailsManagerConfigurer : Global AuthenticationManager configured with UserDetailsService bean with name inMemoryUserDetailsManager
2025-12-10T13:59:59.243-05:00  INFO 20077 --- [credit-application-service] [           main] o.s.b.a.e.web.EndpointLinksResolver      : Exposing 3 endpoints beneath base path '/actuator'
2025-12-10T13:59:59.275-05:00  INFO 20077 --- [credit-application-service] [           main] o.s.s.web.DefaultSecurityFilterChain     : Will secure any request with [org.springframework.security.web.session.DisableEncodeUrlFilter@1ca06c48, org.springframework.security.web.context.request.async.WebAsyncManagerIntegrationFilter@635fd09, org.springframework.security.web.context.SecurityContextHolderFilter@1ab5f7c2, org.springframework.security.web.header.HeaderWriterFilter@f43bd72, org.springframework.web.filter.CorsFilter@57281510, org.springframework.security.web.authentication.logout.LogoutFilter@59e2bcdc, com.coopcredit.creditapplication.infrastructure.security.JwtAuthenticationFilter@195d5108, org.springframework.security.web.savedrequest.RequestCacheAwareFilter@1e81c8c5, org.springframework.security.web.servletapi.SecurityContextHolderAwareRequestFilter@59d6396e, org.springframework.security.web.authentication.AnonymousAuthenticationFilter@299398c6, org.springframework.security.web.session.SessionManagementFilter@35873792, org.springframework.security.web.access.ExceptionTranslationFilter@57c5c818, org.springframework.security.web.access.intercept.AuthorizationFilter@30f97281]
2025-12-10T13:59:59.571-05:00 DEBUG 20077 --- [credit-application-service] [           main] c.c.c.i.s.JwtAuthenticationFilter        : Filter 'jwtAuthenticationFilter' configured for use
2025-12-10T13:59:59.571-05:00  INFO 20077 --- [credit-application-service] [           main] o.s.b.t.m.w.SpringBootMockServletContext : Initializing Spring TestDispatcherServlet ''
2025-12-10T13:59:59.571-05:00  INFO 20077 --- [credit-application-service] [           main] o.s.t.web.servlet.TestDispatcherServlet  : Initializing Servlet ''
2025-12-10T13:59:59.572-05:00  INFO 20077 --- [credit-application-service] [           main] o.s.t.web.servlet.TestDispatcherServlet  : Completed initialization in 0 ms
2025-12-10T13:59:59.596-05:00  INFO 20077 --- [credit-application-service] [           main] .c.c.i.c.MemberControllerIntegrationTest : Started MemberControllerIntegrationTest in 1.141 seconds (process running for 36.799)
2025-12-10T13:59:59.596-05:00  INFO 20077 --- [credit-application-service] [           main] c.c.c.i.config.StartupConfig             : Starting Docker services...
2025-12-10T13:59:59.607-05:00  INFO 20077 --- [credit-application-service] [           main] c.c.c.i.config.StartupConfig             : Container coopcredit-mysql exists, starting...
2025-12-10T13:59:59.624-05:00  INFO 20077 --- [credit-application-service] [           main] c.c.c.i.config.StartupConfig             : Container coopcredit-prometheus exists, starting...
2025-12-10T13:59:59.642-05:00  INFO 20077 --- [credit-application-service] [           main] c.c.c.i.config.StartupConfig             : Container coopcredit-grafana exists, starting...
2025-12-10T13:59:59.650-05:00  INFO 20077 --- [credit-application-service] [           main] c.c.c.i.config.StartupConfig             : Waiting for MySQL to be ready...
Hibernate: 
    select
        ue1_0.id 
    from
        users ue1_0 
    where
        ue1_0.username=? 
    limit
        ?
Hibernate: 
    insert 
    into
        users
        (created_at, enabled, password, role, updated_at, username) 
    values
        (?, ?, ?, ?, ?, ?)
2025-12-10T14:00:02.719-05:00  INFO 20077 --- [credit-application-service] [           main] c.c.c.i.config.StartupConfig             : Test user created: admin/admin123

╔══════════════════════════════════════════════════════════════════════════════════════╗
║                        🚀 COOPCREDIT SYSTEM - READY                                 ║
╠══════════════════════════════════════════════════════════════════════════════════════╣
║                                                                                      ║
║  📚 SWAGGER - CREDIT SERVICE:    http://localhost:8080/swagger-ui.html               ║
║  📋 SWAGGER - RISK CENTRAL:      http://localhost:8081/swagger-ui.html               ║
║  🔧 ACTUATOR:                    http://localhost:8080/actuator                      ║
║  📊 GRAFANA:                     http://localhost:3000  (admin/admin)                ║
║  📈 PROMETHEUS:                  http://localhost:9091                               ║
║                                                                                      ║
╠══════════════════════════════════════════════════════════════════════════════════════╣
║  🔐 AUTH (No JWT required):                                                          ║
║     POST /api/auth/register  - Register new user                                     ║
║     POST /api/auth/login     - Get JWT token                                         ║
║                                                                                      ║
║  🔒 PROTECTED ENDPOINTS (Require JWT in header: Authorization: Bearer <token>)       ║
║     /api/members/**             - Member management                                  ║
║     /api/credit-applications/** - Credit applications                                ║
║                                                                                      ║
╠══════════════════════════════════════════════════════════════════════════════════════╣
║  🔑 TEST CREDENTIALS:  admin / admin123                                              ║
╚══════════════════════════════════════════════════════════════════════════════════════╝

  📋 TEST JWT TOKEN (copy this to Swagger Authorize):
  Bearer eyJhbGciOiJIUzI1NiJ9.eyJzdWIiOiJhZG1pbiIsInJvbGUiOiJST0xFX0FETUlOIiwidXNlcklkIjoxLCJpYXQiOjE3NjUzOTMyMDIsImV4cCI6MTc2NTQ3OTYwMn0.J_S5ZXqE9Yc8dC6A4GNNYU7PvONVeNMvcSYbRkemVBY

Hibernate: 
    insert 
    into
        users
        (created_at, enabled, password, role, updated_at, username) 
    values
        (?, ?, ?, ?, ?, ?)
2025-12-10T14:00:02.790-05:00 DEBUG 20077 --- [credit-application-service] [           main] o.s.security.web.FilterChainProxy        : Securing POST /api/members
2025-12-10T14:00:02.793-05:00 DEBUG 20077 --- [credit-application-service] [           main] o.s.security.web.FilterChainProxy        : Secured POST /api/members
Hibernate: 
    select
        me1_0.id 
    from
        members me1_0 
    where
        me1_0.document=? 
    limit
        ?
Hibernate: 
    insert 
    into
        members
        (affiliation_date, created_at, document, name, salary, status, updated_at, user_id) 
    values
        (?, ?, ?, ?, ?, ?, ?, ?)
]]></system-out>
  </testcase>
  <testcase name="shouldRejectWithoutToken" classname="com.coopcredit.creditapplication.infrastructure.controllers.MemberControllerIntegrationTest" time="0.072">
    <system-out><![CDATA[Hibernate: 
    insert 
    into
        users
        (created_at, enabled, password, role, updated_at, username) 
    values
        (?, ?, ?, ?, ?, ?)
2025-12-10T14:00:02.882-05:00 DEBUG 20077 --- [credit-application-service] [           main] o.s.security.web.FilterChainProxy        : Securing POST /api/members
2025-12-10T14:00:02.882-05:00 DEBUG 20077 --- [credit-application-service] [           main] o.s.s.w.a.AnonymousAuthenticationFilter  : Set SecurityContextHolder to anonymous SecurityContext
]]></system-out>
  </testcase>
  <testcase name="shouldGetMemberById" classname="com.coopcredit.creditapplication.infrastructure.controllers.MemberControllerIntegrationTest" time="0.086">
    <system-out><![CDATA[Hibernate: 
    insert 
    into
        users
        (created_at, enabled, password, role, updated_at, username) 
    values
        (?, ?, ?, ?, ?, ?)
2025-12-10T14:00:02.955-05:00 DEBUG 20077 --- [credit-application-service] [           main] o.s.security.web.FilterChainProxy        : Securing POST /api/members
2025-12-10T14:00:02.957-05:00 DEBUG 20077 --- [credit-application-service] [           main] o.s.security.web.FilterChainProxy        : Secured POST /api/members
Hibernate: 
    select
        me1_0.id 
    from
        members me1_0 
    where
        me1_0.document=? 
    limit
        ?
Hibernate: 
    insert 
    into
        members
        (affiliation_date, created_at, document, name, salary, status, updated_at, user_id) 
    values
        (?, ?, ?, ?, ?, ?, ?, ?)
2025-12-10T14:00:02.965-05:00 DEBUG 20077 --- [credit-application-service] [           main] o.s.security.web.FilterChainProxy        : Securing GET /api/members/2
2025-12-10T14:00:02.968-05:00 DEBUG 20077 --- [credit-application-service] [           main] o.s.security.web.FilterChainProxy        : Secured GET /api/members/2
Hibernate: 
    select
        me1_0.id,
        me1_0.affiliation_date,
        me1_0.created_at,
        me1_0.document,
        me1_0.name,
        me1_0.salary,
        me1_0.status,
        me1_0.updated_at,
        me1_0.user_id 
    from
        members me1_0 
    where
        me1_0.id=?
]]></system-out>
  </testcase>
</testsuite>